<?xml version="1.0" encoding="UTF-8"?>
<!-- Generated by org.testng.reporters.JUnitReportReporter -->
<testsuite hostname="MAVLT1129" failures="0" tests="2" name="org.testng.dataprovider.Employee" time="0.016" errors="0" timestamp="2022-04-06T17:24:08 IST" skipped="0">
  <testcase classname="org.testng.dataprovider.Employee" name="test1" time="0.008"/>
  <system-out/>
  <testcase classname="org.testng.dataprovider.Employee" name="test1" time="0.008"/>
  <system-out/>
</testsuite> <!-- org.testng.dataprovider.Employee -->
