<?xml version="1.0" encoding="UTF-8"?>
<!-- Generated by org.testng.reporters.JUnitReportReporter -->
<testsuite hostname="MAVLT1129" failures="0" tests="7" name="com.priority.Sample" time="0.015" errors="0" timestamp="2022-05-07T17:24:50 IST" skipped="0">
  <testcase classname="com.priority.Sample" name="test5" time="0.001"/>
  <system-out/>
  <testcase classname="com.priority.Sample" name="test4" time="0.001"/>
  <system-out/>
  <testcase classname="com.priority.Sample" name="test6" time="0.001"/>
  <system-out/>
  <testcase classname="com.priority.Sample" name="test7" time="0.001"/>
  <system-out/>
  <testcase classname="com.priority.Sample" name="test3" time="0.001"/>
  <system-out/>
  <testcase classname="com.priority.Sample" name="test2" time="0.009"/>
  <system-out/>
  <testcase classname="com.priority.Sample" name="test1" time="0.001"/>
  <system-out/>
</testsuite> <!-- com.priority.Sample -->
