<?xml version="1.0" encoding="UTF-8"?>
<!-- Generated by org.testng.reporters.JUnitReportReporter -->
<testsuite hostname="MAVLT1129" failures="0" tests="1" name="all.anatation.AnnotationOrder" time="0.008" errors="0" timestamp="2022-05-07T11:14:52 IST" skipped="0">
  <testcase classname="all.anatation.AnnotationOrder" name="test" time="0.008"/>
  <system-out/>
</testsuite> <!-- all.anatation.AnnotationOrder -->
