<?xml version="1.0" encoding="UTF-8"?>
<!-- Generated by org.testng.reporters.JUnitReportReporter -->
<testsuite hostname="SHAMBHU" failures="0" tests="1" name="all.anatation.AnnotationOrder" time="0.011" errors="0" timestamp="2024-04-29T09:07:42 IST" skipped="0">
  <testcase classname="all.anatation.AnnotationOrder" name="test" time="0.011"/>
  <system-out/>
</testsuite> <!-- all.anatation.AnnotationOrder -->
