<?xml version="1.0" encoding="UTF-8"?>
<!-- Generated by org.testng.reporters.JUnitReportReporter -->
<testsuite hostname="SHAMBHU" failures="0" tests="7" name="org.hi.DemoClass" time="0.021" errors="0" timestamp="2024-04-27T20:43:51 IST" skipped="0">
  <testcase classname="org.hi.DemoClass" name="test11" time="0.001"/>
  <system-out/>
  <testcase classname="org.hi.DemoClass" name="test14" time="0.002"/>
  <system-out/>
  <testcase classname="org.hi.DemoClass" name="test12" time="0.001"/>
  <system-out/>
  <testcase classname="org.hi.DemoClass" name="test15" time="0.002"/>
  <system-out/>
  <testcase classname="org.hi.DemoClass" name="test16" time="0.002"/>
  <system-out/>
  <testcase classname="org.hi.DemoClass" name="test13" time="0.001"/>
  <system-out/>
  <testcase classname="org.hi.DemoClass" name="test10" time="0.012"/>
  <system-out/>
</testsuite> <!-- org.hi.DemoClass -->
