<?xml version="1.0" encoding="UTF-8"?>
<!-- Generated by org.testng.reporters.JUnitReportReporter -->
<testsuite hostname="SHAMBHU" failures="0" tests="1" name="com.superthis.cons.interview.PS1" time="0.018" errors="0" timestamp="2024-04-29T18:34:43 IST" skipped="0">
  <testcase classname="com.superthis.cons.interview.PS1" name="testMethodos" time="0.018"/>
  <system-out/>
</testsuite> <!-- com.superthis.cons.interview.PS1 -->
