<?xml version="1.0" encoding="UTF-8"?>
<!-- Generated by org.testng.reporters.JUnitReportReporter -->
<testsuite hostname="MAVLT1129" failures="0" tests="4" name="org.testng.annotationtrans.Greens" time="0.011" errors="0" timestamp="2022-04-05T19:19:36 IST" skipped="0">
  <testcase classname="org.testng.annotationtrans.Greens" name="test44" time="0.001"/>
  <system-out/>
  <testcase classname="org.testng.annotationtrans.Greens" name="test55" time="0.001"/>
  <system-out/>
  <testcase classname="org.testng.annotationtrans.Greens" name="test33" time="0.001"/>
  <system-out/>
  <testcase classname="org.testng.annotationtrans.Greens" name="test22" time="0.008"/>
  <system-out/>
</testsuite> <!-- org.testng.annotationtrans.Greens -->
