<?xml version="1.0" encoding="UTF-8"?>
<!-- Generated by org.testng.reporters.JUnitReportReporter -->
<testsuite hostname="MAVLT1129" failures="0" tests="7" name="org.test.parallel.execution.ParrMethodLevel" time="0.079" errors="0" timestamp="2022-04-06T11:44:04 IST" skipped="0">
  <testcase classname="org.test.parallel.execution.ParrMethodLevel" name="test5" time="0.007"/>
  <system-out/>
  <testcase classname="org.test.parallel.execution.ParrMethodLevel" name="test4" time="0.016"/>
  <system-out/>
  <testcase classname="org.test.parallel.execution.ParrMethodLevel" name="test2" time="0.016"/>
  <system-out/>
  <testcase classname="org.test.parallel.execution.ParrMethodLevel" name="test6" time="0.005"/>
  <system-out/>
  <testcase classname="org.test.parallel.execution.ParrMethodLevel" name="test7" time="0.003"/>
  <system-out/>
  <testcase classname="org.test.parallel.execution.ParrMethodLevel" name="test1" time="0.016"/>
  <system-out/>
  <testcase classname="org.test.parallel.execution.ParrMethodLevel" name="test3" time="0.016"/>
  <system-out/>
</testsuite> <!-- org.test.parallel.execution.ParrMethodLevel -->
