<?xml version="1.0" encoding="UTF-8"?>
<!-- Generated by org.testng.reporters.JUnitReportReporter -->
<testsuite hostname="MAVLT1129" failures="0" tests="8" name="org.testng.annotationtrans.PriorityClass" time="0.016" errors="0" timestamp="2022-04-05T19:26:06 IST" skipped="0">
  <testcase classname="org.testng.annotationtrans.PriorityClass" name="test4" time="0.009"/>
  <system-out/>
  <testcase classname="org.testng.annotationtrans.PriorityClass" name="test5" time="0.001"/>
  <system-out/>
  <testcase classname="org.testng.annotationtrans.PriorityClass" name="test2" time="0.001"/>
  <system-out/>
  <testcase classname="org.testng.annotationtrans.PriorityClass" name="test1" time="0.002"/>
  <system-out/>
  <testcase classname="org.testng.annotationtrans.PriorityClass" name="test3" time="0.001"/>
  <system-out/>
  <testcase classname="org.testng.annotationtrans.PriorityClass" name="test8" time="0.001"/>
  <system-out/>
  <testcase classname="org.testng.annotationtrans.PriorityClass" name="test7" time="0.000"/>
  <system-out/>
  <testcase classname="org.testng.annotationtrans.PriorityClass" name="test6" time="0.001"/>
  <system-out/>
</testsuite> <!-- org.testng.annotationtrans.PriorityClass -->
