<?xml version="1.0" encoding="UTF-8"?>
<!-- Generated by org.testng.reporters.JUnitReportReporter -->
<testsuite hostname="MAVLT1129" failures="0" tests="2" name="org.tesng.parameter.Demo" time="0.012" errors="0" timestamp="2022-04-06T11:05:11 IST" skipped="0">
  <testcase classname="org.tesng.parameter.Demo" name="test1" time="0.002"/>
  <system-out/>
  <testcase classname="org.tesng.parameter.Demo" name="test1" time="0.010"/>
  <system-out/>
</testsuite> <!-- org.tesng.parameter.Demo -->
