<?xml version="1.0" encoding="UTF-8"?>
<!-- Generated by org.testng.reporters.JUnitReportReporter -->
<testsuite hostname="MAVLT1129" failures="0" tests="2" name="org.testng.dataprovider.DataSample" time="0.019" errors="0" timestamp="2022-04-06T17:28:33 IST" skipped="0">
  <testcase classname="org.testng.dataprovider.DataSample" name="test" time="0.009"/>
  <system-out/>
  <testcase classname="org.testng.dataprovider.DataSample" name="test" time="0.010"/>
  <system-out/>
</testsuite> <!-- org.testng.dataprovider.DataSample -->
