<?xml version="1.0" encoding="UTF-8"?>
<!-- Generated by org.testng.reporters.JUnitReportReporter -->
<testsuite hostname="MAVLT1129" failures="0" tests="10" name="org.testng.dataprovider.InvocationCount" time="0.082" errors="0" timestamp="2022-04-06T17:16:53 IST" skipped="0">
  <testcase classname="org.testng.dataprovider.InvocationCount" name="test2" time="0.013"/>
  <system-out/>
  <testcase classname="org.testng.dataprovider.InvocationCount" name="test2" time="0.012"/>
  <system-out/>
  <testcase classname="org.testng.dataprovider.InvocationCount" name="test2" time="0.012"/>
  <system-out/>
  <testcase classname="org.testng.dataprovider.InvocationCount" name="test2" time="0.004"/>
  <system-out/>
  <testcase classname="org.testng.dataprovider.InvocationCount" name="test2" time="0.006"/>
  <system-out/>
  <testcase classname="org.testng.dataprovider.InvocationCount" name="test2" time="0.006"/>
  <system-out/>
  <testcase classname="org.testng.dataprovider.InvocationCount" name="test2" time="0.012"/>
  <system-out/>
  <testcase classname="org.testng.dataprovider.InvocationCount" name="test2" time="0.002"/>
  <system-out/>
  <testcase classname="org.testng.dataprovider.InvocationCount" name="test2" time="0.003"/>
  <system-out/>
  <testcase classname="org.testng.dataprovider.InvocationCount" name="test2" time="0.012"/>
  <system-out/>
</testsuite> <!-- org.testng.dataprovider.InvocationCount -->
