<?xml version="1.0" encoding="UTF-8"?>
<!-- Generated by org.testng.reporters.JUnitReportReporter -->
<testsuite hostname="MAVLT1129" failures="0" tests="2" name="org.tesng.parameter.TestNgParam" time="0.003" errors="0" timestamp="2022-04-06T12:43:37 IST" skipped="0">
  <testcase classname="org.tesng.parameter.TestNgParam" name="test22" time="0.002"/>
  <system-out/>
  <testcase classname="org.tesng.parameter.TestNgParam" name="test11" time="0.001"/>
  <system-out/>
</testsuite> <!-- org.tesng.parameter.TestNgParam -->
