<?xml version="1.0" encoding="UTF-8"?>
<!-- Generated by org.testng.reporters.JUnitReportReporter -->
<testsuite hostname="MAVLT1129" failures="0" tests="1" name="org.testng.dataprovider.Sample" time="0.006" errors="0" timestamp="2022-04-06T17:15:23 IST" skipped="0">
  <testcase classname="org.testng.dataprovider.Sample" name="test" time="0.006"/>
  <system-out/>
</testsuite> <!-- org.testng.dataprovider.Sample -->
