<?xml version="1.0" encoding="UTF-8"?>
<!-- Generated by org.testng.reporters.JUnitReportReporter -->
<testsuite hostname="MAVLT1129" failures="0" tests="2" name="org.group.ParallelTest" time="0.008" errors="0" timestamp="2022-04-06T17:43:38 IST" skipped="0">
  <testcase classname="org.group.ParallelTest" name="test4" time="0.001"/>
  <system-out/>
  <testcase classname="org.group.ParallelTest" name="test1" time="0.007"/>
  <system-out/>
</testsuite> <!-- org.group.ParallelTest -->
