<?xml version="1.0" encoding="UTF-8"?>
<!-- Generated by org.testng.reporters.JUnitReportReporter -->
<testsuite hostname="MAVLT1129" failures="0" tests="1" name="com.Sample" time="0.008" errors="0" timestamp="2022-04-05T16:19:27 IST" skipped="0">
  <testcase classname="com.Sample" name="test" time="0.008"/>
  <system-out/>
</testsuite> <!-- com.Sample -->
